Copyright 1986-2022 Xilinx, Inc. All Rights Reserved.
-------------------------------------------------------------------------------------------------
| Tool Version : Vivado v.2022.1 (lin64) Build 3526262 Mon Apr 18 15:47:01 MDT 2022
| Date         : Tue Oct 18 17:52:46 2022
| Host         : ksuresh-ubuntu running 64-bit Ubuntu 20.04.5 LTS
| Command      : report_timing -sort_by group -max_paths 100 -path_type summary -file timing.log
| Design       : main
| Device       : 7a15t-cpg236
| Speed File   : -1  PRODUCTION 1.23 2018-06-13
-------------------------------------------------------------------------------------------------

Timing Report

Startpoint                     Endpoint                       Slack(ns)     
----------------------------------------------------------------------------
cells_x[2].cells_y[6].CELL/state_q_reg/C
                               cells_x[2].cells_y[5].CELL/state_q_reg/D
                                                              79.311        
cells_x[4].cells_y[3].CELL/state_q_reg/C
                               cells_x[4].cells_y[2].CELL/state_q_reg/D
                                                              79.366        
cells_x[3].cells_y[4].CELL/state_q_reg/C
                               cells_x[3].cells_y[5].CELL/state_q_reg/D
                                                              79.381        
cells_x[5].cells_y[4].CELL/state_q_reg/C
                               cells_x[4].cells_y[5].CELL/state_q_reg/D
                                                              79.485        
cells_x[7].cells_y[6].CELL/state_q_reg/C
                               cells_x[7].cells_y[5].CELL/state_q_reg/D
                                                              79.541        
cells_x[6].cells_y[4].CELL/state_q_reg/C
                               cells_x[6].cells_y[3].CELL/state_q_reg/D
                                                              79.588        
cells_x[5].cells_y[3].CELL/state_q_reg/C
                               cells_x[6].cells_y[2].CELL/state_q_reg/D
                                                              79.646        
cells_x[7].cells_y[6].CELL/state_q_reg/C
                               cells_x[6].cells_y[5].CELL/state_q_reg/D
                                                              79.647        
cells_x[3].cells_y[3].CELL/state_q_reg/C
                               cells_x[2].cells_y[4].CELL/state_q_reg/D
                                                              79.685        
cells_x[4].cells_y[5].CELL/state_q_reg/C
                               cells_x[3].cells_y[4].CELL/state_q_reg/D
                                                              79.776        
cells_x[5].cells_y[4].CELL/state_q_reg/C
                               cells_x[4].cells_y[4].CELL/state_q_reg/D
                                                              79.781        
game_counter_reg[23]/C         game_counter_reg[23]/D         79.784        
cells_x[5].cells_y[6].CELL/state_q_reg/C
                               cells_x[4].cells_y[7].CELL/state_q_reg/D
                                                              79.804        
cells_x[4].cells_y[7].CELL/state_q_reg/C
                               cells_x[3].cells_y[6].CELL/state_q_reg/D
                                                              79.817        
game_counter_reg[23]/C         game_counter_reg[21]/D         79.824        
cells_x[5].cells_y[6].CELL/state_q_reg/C
                               cells_x[5].cells_y[7].CELL/state_q_reg/D
                                                              79.833        
cells_x[5].cells_y[5].CELL/state_q_reg/C
                               cells_x[5].cells_y[4].CELL/state_q_reg/D
                                                              79.852        
cells_x[3].cells_y[5].CELL/state_q_reg/C
                               cells_x[2].cells_y[6].CELL/state_q_reg/D
                                                              79.854        
cells_x[7].cells_y[2].CELL/state_q_reg/C
                               cells_x[7].cells_y[3].CELL/state_q_reg/D
                                                              79.886        
game_counter_reg[23]/C         game_counter_reg[17]/D         79.913        
game_counter_reg[23]/C         game_counter_reg[22]/D         79.919        
game_counter_reg[23]/C         game_counter_reg[19]/D         79.934        
game_counter_reg[23]/C         game_counter_reg[20]/D         79.935        
cells_x[6].cells_y[3].CELL/state_q_reg/C
                               cells_x[6].cells_y[4].CELL/state_q_reg/D
                                                              79.942        
game_counter_reg[23]/C         game_counter_reg[18]/D         80.008        
cells_x[4].cells_y[3].CELL/state_q_reg/C
                               cells_x[5].cells_y[2].CELL/state_q_reg/D
                                                              80.021        
game_counter_reg[23]/C         game_counter_reg[16]/D         80.024        
game_counter_reg[23]/C         game_counter_reg[13]/D         80.026        
game_counter_reg[23]/C         game_counter_reg[15]/D         80.047        
cells_x[8].cells_y[6].CELL/state_q_reg/C
                               cells_x[7].cells_y[7].CELL/state_q_reg/D
                                                              80.056        
cells_x[4].cells_y[7].CELL/state_q_reg/C
                               cells_x[3].cells_y[7].CELL/state_q_reg/D
                                                              80.075        
game_counter_reg[23]/C         game_counter_reg[14]/D         80.121        
cells_x[6].cells_y[5].CELL/state_q_reg/C
                               cells_x[5].cells_y[6].CELL/state_q_reg/D
                                                              80.136        
game_counter_reg[23]/C         game_counter_reg[12]/D         80.137        
cells_x[5].cells_y[6].CELL/state_q_reg/C
                               cells_x[4].cells_y[6].CELL/state_q_reg/D
                                                              80.139        
game_counter_reg[23]/C         game_counter_reg[9]/D          80.140        
cells_x[6].cells_y[3].CELL/state_q_reg/C
                               cells_x[7].cells_y[2].CELL/state_q_reg/D
                                                              80.142        
cells_x[2].cells_y[6].CELL/state_q_reg/C
                               cells_x[1].cells_y[5].CELL/state_q_reg/D
                                                              80.149        
cells_x[5].cells_y[2].CELL/state_q_reg/C
                               cells_x[4].cells_y[3].CELL/state_q_reg/D
                                                              80.159        
game_counter_reg[23]/C         game_counter_reg[11]/D         80.161        
cells_x[5].cells_y[2].CELL/state_q_reg/C
                               cells_x[5].cells_y[3].CELL/state_q_reg/D
                                                              80.188        
cells_x[6].cells_y[5].CELL/state_q_reg/C
                               cells_x[5].cells_y[5].CELL/state_q_reg/D
                                                              80.229        
game_counter_reg[23]/C         game_counter_reg[10]/D         80.235        
cells_x[2].cells_y[8].CELL/state_q_reg/C
                               cells_x[2].cells_y[7].CELL/state_q_reg/D
                                                              80.241        
game_counter_reg[23]/C         game_counter_reg[8]/D          80.251        
game_counter_reg[23]/C         game_counter_reg[5]/D          80.253        
game_counter_reg[23]/C         game_counter_reg[7]/D          80.274        
cells_x[4].cells_y[2].CELL/state_q_reg/C
                               cells_x[3].cells_y[3].CELL/state_q_reg/D
                                                              80.295        
cells_x[6].cells_y[5].CELL/state_q_reg/C
                               cells_x[6].cells_y[6].CELL/state_q_reg/D
                                                              80.332        
game_counter_reg[23]/C         game_counter_reg[6]/D          80.348        
cells_x[3].cells_y[3].CELL/state_q_reg/C
                               cells_x[2].cells_y[2].CELL/state_q_reg/D
                                                              80.349        
game_counter_reg[23]/C         game_counter_reg[4]/D          80.364        
cells_x[7].cells_y[5].CELL/state_q_reg/C
                               cells_x[7].cells_y[6].CELL/state_q_reg/D
                                                              80.367        
cells_x[7].cells_y[5].CELL/state_q_reg/C
                               cells_x[7].cells_y[4].CELL/state_q_reg/D
                                                              80.426        
game_counter_reg[23]/C         game_counter_reg[3]/D          80.496        
cells_x[3].cells_y[3].CELL/state_q_reg/C
                               cells_x[2].cells_y[3].CELL/state_q_reg/D
                                                              80.505        
cells_x[3].cells_y[1].CELL/state_q_reg/C
                               cells_x[3].cells_y[2].CELL/state_q_reg/D
                                                              80.525        
cells_x[8].cells_y[4].CELL/state_q_reg/C
                               cells_x[8].cells_y[3].CELL/state_q_reg/D
                                                              80.553        
game_counter_reg[23]/C         game_counter_reg[2]/D          80.556        
display_counter_reg[12]/C      display_counter_reg[12]/D      80.659        
cells_x[7].cells_y[6].CELL/state_q_reg/C
                               cells_x[6].cells_y[7].CELL/state_q_reg/D
                                                              80.683        
display_counter_reg[12]/C      display_counter_reg[9]/D       80.696        
cells_x[2].cells_y[3].CELL/state_q_reg/C
                               cells_x[1].cells_y[4].CELL/state_q_reg/D
                                                              80.704        
display_counter_reg[12]/C      display_counter_reg[11]/D      80.704        
game_counter_reg[23]/C         game_counter_reg[1]/D          80.714        
display_counter_reg[12]/C      display_counter_reg[10]/D      80.780        
display_counter_reg[12]/C      display_counter_reg[8]/D       80.800        
display_counter_reg[12]/C      display_counter_reg[5]/D       80.813        
display_counter_reg[12]/C      display_counter_reg[7]/D       80.821        
cells_x[3].cells_y[2].CELL/state_q_reg/C
                               cells_x[4].cells_y[1].CELL/state_q_reg/D
                                                              80.834        
display_counter_reg[12]/C      x_reg[0]/R                     80.850        
display_counter_reg[12]/C      x_reg[1]/R                     80.850        
display_counter_reg[12]/C      x_reg[2]/R                     80.850        
display_counter_reg[12]/C      x_reg[3]/R                     80.850        
game_counter_reg[23]/C         cells_x[1].cells_y[2].CELL/state_q_reg/D
                                                              80.864        
game_counter_reg[23]/C         game_counter_reg[0]/D          80.891        
display_counter_reg[12]/C      display_counter_reg[6]/D       80.897        
display_counter_reg[12]/C      display_counter_reg[4]/D       80.917        
cells_x[2].cells_y[8].CELL/state_q_reg/C
                               cells_x[1].cells_y[7].CELL/state_q_reg/D
                                                              80.960        
game_counter_reg[23]/C         cells_x[8].cells_y[8].CELL/state_q_reg/D
                                                              80.977        
cells_x[2].cells_y[3].CELL/state_q_reg/C
                               cells_x[1].cells_y[3].CELL/state_q_reg/D
                                                              80.985        
cells_x[3].cells_y[7].CELL/state_q_reg/C
                               cells_x[4].cells_y[8].CELL/state_q_reg/D
                                                              81.012        
cells_x[7].cells_y[7].CELL/state_q_reg/C
                               cells_x[7].cells_y[8].CELL/state_q_reg/D
                                                              81.022        
cells_x[6].cells_y[1].CELL/state_q_reg/C
                               cells_x[7].cells_y[1].CELL/state_q_reg/D
                                                              81.034        
display_counter_reg[12]/C      display_counter_reg[3]/D       81.038        
cells_x[7].cells_y[5].CELL/state_q_reg/C
                               cells_x[8].cells_y[4].CELL/state_q_reg/D
                                                              81.058        
game_counter_reg[23]/C         cells_x[1].cells_y[6].CELL/state_q_reg/D
                                                              81.060        
cells_x[4].cells_y[7].CELL/state_q_reg/C
                               cells_x[3].cells_y[8].CELL/state_q_reg/D
                                                              81.063        
cells_x[7].cells_y[4].CELL/state_q_reg/C
                               cells_x[8].cells_y[5].CELL/state_q_reg/D
                                                              81.094        
cells_x[5].cells_y[7].CELL/state_q_reg/C
                               cells_x[6].cells_y[8].CELL/state_q_reg/D
                                                              81.100        
display_counter_reg[12]/C      display_counter_reg[2]/D       81.103        
cells_x[6].cells_y[1].CELL/state_q_reg/C
                               cells_x[5].cells_y[1].CELL/state_q_reg/D
                                                              81.132        
cells_x[7].cells_y[6].CELL/state_q_reg/C
                               cells_x[8].cells_y[6].CELL/state_q_reg/D
                                                              81.207        
cells_x[7].cells_y[1].CELL/state_q_reg/C
                               cells_x[8].cells_y[2].CELL/state_q_reg/D
                                                              81.228        
cells_x[4].cells_y[7].CELL/state_q_reg/C
                               cells_x[5].cells_y[8].CELL/state_q_reg/D
                                                              81.268        
cells_x[1].cells_y[7].CELL/state_q_reg/C
                               cells_x[2].cells_y[8].CELL/state_q_reg/D
                                                              81.340        
game_counter_reg[23]/C         cells_x[1].cells_y[8].CELL/state_q_reg/D
                                                              81.389        
display_counter_reg[12]/C      display_counter_reg[1]/D       81.451        
cells_x[1].cells_y[2].CELL/state_q_reg/C
                               cells_x[2].cells_y[1].CELL/state_q_reg/D
                                                              81.454        
x_reg[1]/C                     x_reg[1]/D                     81.474        



